<?xml version="1.0" encoding="UTF-8"?>
<testsuite name="com.api.shoppingcard.ShoppingcardserviceApplicationTests" tests="1" skipped="0" failures="0" errors="0" timestamp="2024-07-11T17:29:07" hostname="E-5CG2275JFJ" time="0.358">
  <properties/>
  <testcase name="contextLoads()" classname="com.api.shoppingcard.ShoppingcardserviceApplicationTests" time="0.358"/>
  <system-out><![CDATA[22:59:02.718 [Test worker] DEBUG org.springframework.test.context.BootstrapUtils - Instantiating CacheAwareContextLoaderDelegate from class [org.springframework.test.context.cache.DefaultCacheAwareContextLoaderDelegate]
22:59:02.728 [Test worker] DEBUG org.springframework.test.context.BootstrapUtils - Instantiating BootstrapContext using constructor [public org.springframework.test.context.support.DefaultBootstrapContext(java.lang.Class,org.springframework.test.context.CacheAwareContextLoaderDelegate)]
22:59:02.789 [Test worker] DEBUG org.springframework.test.context.BootstrapUtils - Instantiating TestContextBootstrapper for test class [com.api.shoppingcard.ShoppingcardserviceApplicationTests] from class [org.springframework.boot.test.context.SpringBootTestContextBootstrapper]
22:59:02.801 [Test worker] INFO org.springframework.boot.test.context.SpringBootTestContextBootstrapper - Neither @ContextConfiguration nor @ContextHierarchy found for test class [com.api.shoppingcard.ShoppingcardserviceApplicationTests], using SpringBootContextLoader
22:59:02.810 [Test worker] DEBUG org.springframework.test.context.support.AbstractContextLoader - Did not detect default resource location for test class [com.api.shoppingcard.ShoppingcardserviceApplicationTests]: class path resource [com/api/shoppingcard/ShoppingcardserviceApplicationTests-context.xml] does not exist
22:59:02.810 [Test worker] DEBUG org.springframework.test.context.support.AbstractContextLoader - Did not detect default resource location for test class [com.api.shoppingcard.ShoppingcardserviceApplicationTests]: class path resource [com/api/shoppingcard/ShoppingcardserviceApplicationTestsContext.groovy] does not exist
22:59:02.810 [Test worker] INFO org.springframework.test.context.support.AbstractContextLoader - Could not detect default resource locations for test class [com.api.shoppingcard.ShoppingcardserviceApplicationTests]: no resource found for suffixes {-context.xml, Context.groovy}.
22:59:02.810 [Test worker] INFO org.springframework.test.context.support.AnnotationConfigContextLoaderUtils - Could not detect default configuration classes for test class [com.api.shoppingcard.ShoppingcardserviceApplicationTests]: ShoppingcardserviceApplicationTests does not declare any static, non-private, non-final, nested classes annotated with @Configuration.
22:59:02.922 [Test worker] DEBUG org.springframework.test.context.support.ActiveProfilesUtils - Could not find an 'annotation declaring class' for annotation type [org.springframework.test.context.ActiveProfiles] and class [com.api.shoppingcard.ShoppingcardserviceApplicationTests]
22:59:03.076 [Test worker] DEBUG org.springframework.context.annotation.ClassPathScanningCandidateComponentProvider - Identified candidate component class: file [C:\Users\ehmsxxx\IdeaProjects\shoppingcart\shoppingcardservice\build\classes\java\main\com\api\shoppingcard\ShoppingcardserviceApplication.class]
22:59:03.076 [Test worker] INFO org.springframework.boot.test.context.SpringBootTestContextBootstrapper - Found @SpringBootConfiguration com.api.shoppingcard.ShoppingcardserviceApplication for test class com.api.shoppingcard.ShoppingcardserviceApplicationTests
22:59:03.230 [Test worker] DEBUG org.springframework.boot.test.context.SpringBootTestContextBootstrapper - @TestExecutionListeners is not present for class [com.api.shoppingcard.ShoppingcardserviceApplicationTests]: using defaults.
22:59:03.240 [Test worker] INFO org.springframework.boot.test.context.SpringBootTestContextBootstrapper - Loaded default TestExecutionListener class names from location [META-INF/spring.factories]: [org.springframework.test.context.web.ServletTestExecutionListener, org.springframework.test.context.support.DirtiesContextBeforeModesTestExecutionListener, org.springframework.test.context.event.ApplicationEventsTestExecutionListener, org.springframework.test.context.support.DependencyInjectionTestExecutionListener, org.springframework.test.context.support.DirtiesContextTestExecutionListener, org.springframework.test.context.transaction.TransactionalTestExecutionListener, org.springframework.test.context.jdbc.SqlScriptsTestExecutionListener, org.springframework.test.context.event.EventPublishingTestExecutionListener, org.springframework.boot.test.autoconfigure.restdocs.RestDocsTestExecutionListener, org.springframework.boot.test.autoconfigure.web.client.MockRestServiceServerResetTestExecutionListener, org.springframework.boot.test.autoconfigure.web.servlet.MockMvcPrintOnlyOnFailureTestExecutionListener, org.springframework.boot.test.autoconfigure.web.servlet.WebDriverTestExecutionListener, org.springframework.boot.test.autoconfigure.webservices.client.MockWebServiceServerTestExecutionListener, org.springframework.boot.test.mock.mockito.MockitoTestExecutionListener, org.springframework.boot.test.mock.mockito.ResetMocksTestExecutionListener]
22:59:03.291 [Test worker] INFO org.springframework.boot.test.context.SpringBootTestContextBootstrapper - Using TestExecutionListeners: [org.springframework.test.context.web.ServletTestExecutionListener@5949eba8, org.springframework.test.context.support.DirtiesContextBeforeModesTestExecutionListener@6e0ff644, org.springframework.test.context.event.ApplicationEventsTestExecutionListener@58dea0a5, org.springframework.boot.test.mock.mockito.MockitoTestExecutionListener@2a2bb0eb, org.springframework.boot.test.autoconfigure.SpringBootDependencyInjectionTestExecutionListener@3c291aad, org.springframework.test.context.support.DirtiesContextTestExecutionListener@2d0566ba, org.springframework.test.context.transaction.TransactionalTestExecutionListener@733037, org.springframework.test.context.jdbc.SqlScriptsTestExecutionListener@7728643a, org.springframework.test.context.event.EventPublishingTestExecutionListener@320e400, org.springframework.boot.test.autoconfigure.restdocs.RestDocsTestExecutionListener@5167268, org.springframework.boot.test.autoconfigure.web.client.MockRestServiceServerResetTestExecutionListener@1cfd1875, org.springframework.boot.test.autoconfigure.web.servlet.MockMvcPrintOnlyOnFailureTestExecutionListener@28c0b664, org.springframework.boot.test.autoconfigure.web.servlet.WebDriverTestExecutionListener@2c444798, org.springframework.boot.test.autoconfigure.webservices.client.MockWebServiceServerTestExecutionListener@1af7f54a, org.springframework.boot.test.mock.mockito.ResetMocksTestExecutionListener@6ebd78d1]
22:59:03.291 [Test worker] DEBUG org.springframework.test.context.support.AbstractDirtiesContextTestExecutionListener - Before test class: context [DefaultTestContext@2fa7ae9 testClass = ShoppingcardserviceApplicationTests, testInstance = [null], testMethod = [null], testException = [null], mergedContextConfiguration = [WebMergedContextConfiguration@7577b641 testClass = ShoppingcardserviceApplicationTests, locations = '{}', classes = '{class com.api.shoppingcard.ShoppingcardserviceApplication}', contextInitializerClasses = '[]', activeProfiles = '{}', propertySourceLocations = '{}', propertySourceProperties = '{org.springframework.boot.test.context.SpringBootTestContextBootstrapper=true}', contextCustomizers = set[org.springframework.boot.test.autoconfigure.actuate.metrics.MetricsExportContextCustomizerFactory$DisableMetricExportContextCustomizer@4febb875, org.springframework.boot.test.autoconfigure.properties.PropertyMappingContextCustomizer@0, org.springframework.boot.test.autoconfigure.web.servlet.WebDriverContextCustomizerFactory$Customizer@58359ebd, org.springframework.boot.test.context.filter.ExcludeFilterContextCustomizer@4ee37ca3, org.springframework.boot.test.json.DuplicateJsonObjectContextCustomizerFactory$DuplicateJsonObjectContextCustomizer@14b030a0, org.springframework.boot.test.mock.mockito.MockitoContextCustomizer@0, org.springframework.boot.test.web.client.TestRestTemplateContextCustomizer@27305e6, org.springframework.boot.test.context.SpringBootTestArgs@1, org.springframework.boot.test.context.SpringBootTestWebEnvironment@7b993c65], resourceBasePath = 'src/main/webapp', contextLoader = 'org.springframework.boot.test.context.SpringBootContextLoader', parent = [null]], attributes = map['org.springframework.test.context.web.ServletTestExecutionListener.activateListener' -> true]], class annotated with @DirtiesContext [false] with mode [null].
22:59:03.353 [Test worker] DEBUG org.springframework.test.context.support.TestPropertySourceUtils - Adding inlined properties to environment: {spring.jmx.enabled=false, org.springframework.boot.test.context.SpringBootTestContextBootstrapper=true}

  .   ____          _            __ _ _
 /\\ / ___'_ __ _ _(_)_ __  __ _ \ \ \ \
( ( )\___ | '_ | '_| | '_ \/ _` | \ \ \ \
 \\/  ___)| |_)| | | | | || (_| |  ) ) ) )
  '  |____| .__|_| |_|_| |_\__, | / / / /
 =========|_|==============|___/=/_/_/_/
 :: Spring Boot ::                (v2.5.4)

2024-07-11 22:59:03.969  INFO 33040 --- [    Test worker] .a.s.ShoppingcardserviceApplicationTests : Starting ShoppingcardserviceApplicationTests using Java 11.0.23 on E-5CG2275JFJ with PID 33040 (started by ehmsxxx in C:\Users\ehmsxxx\IdeaProjects\shoppingcart\shoppingcardservice)
2024-07-11 22:59:03.979  INFO 33040 --- [    Test worker] .a.s.ShoppingcardserviceApplicationTests : No active profile set, falling back to default profiles: default
2024-07-11 22:59:05.771  INFO 33040 --- [    Test worker] trationDelegate$BeanPostProcessorChecker : Bean 'org.springframework.ws.config.annotation.DelegatingWsConfiguration' of type [org.springframework.ws.config.annotation.DelegatingWsConfiguration$$EnhancerBySpringCGLIB$$41764b83] is not eligible for getting processed by all BeanPostProcessors (for example: not eligible for auto-proxying)
2024-07-11 22:59:05.832  INFO 33040 --- [    Test worker] .w.s.a.s.AnnotationActionEndpointMapping : Supporting [WS-Addressing August 2004, WS-Addressing 1.0]
2024-07-11 22:59:07.169  INFO 33040 --- [    Test worker] .a.s.ShoppingcardserviceApplicationTests : Started ShoppingcardserviceApplicationTests in 3.799 seconds (JVM running for 5.957)
]]></system-out>
  <system-err><![CDATA[]]></system-err>
</testsuite>
